<?xml version="1.0" encoding="UTF-8"?>
<testsuite name="org.javaguru.travel.insurance.core.TravelCalculatePremiumServiceImplTest" tests="1" skipped="0" failures="0" errors="0" timestamp="2024-05-18T14:24:34" hostname="VSAVONINS" time="0.081">
  <properties/>
  <testcase name="deleteMe()" classname="org.javaguru.travel.insurance.core.TravelCalculatePremiumServiceImplTest" time="0.081"/>
  <system-out><![CDATA[]]></system-out>
  <system-err><![CDATA[]]></system-err>
</testsuite>
