<?xml version="1.0" encoding="UTF-8"?>
<testsuite name="org.javaguru.travel.insurance.core.TravelCalculatePremiumServiceImplTest" tests="4" skipped="0" failures="0" errors="0" timestamp="2024-05-18T14:24:34" hostname="VSAVONINS" time="0.077">
  <properties/>
  <testcase name="shouldPopulatePersonFirstName()" classname="org.javaguru.travel.insurance.core.TravelCalculatePremiumServiceImplTest" time="0.053"/>
  <testcase name="shouldPopulateAgreementDateFrom()" classname="org.javaguru.travel.insurance.core.TravelCalculatePremiumServiceImplTest" time="0.002"/>
  <testcase name="shouldPopulateAgreementDateTo()" classname="org.javaguru.travel.insurance.core.TravelCalculatePremiumServiceImplTest" time="0.01"/>
  <testcase name="shouldPopulatePersonLastName()" classname="org.javaguru.travel.insurance.core.TravelCalculatePremiumServiceImplTest" time="0.004"/>
  <system-out><![CDATA[]]></system-out>
  <system-err><![CDATA[]]></system-err>
</testsuite>
