<?xml version="1.0" encoding="UTF-8"?>
<testsuite name="org.javaguru.travel.insurance.core.TravelCalculatePremiumServiceImplAIEachFieldTest" tests="4" skipped="0" failures="0" errors="0" timestamp="2024-05-18T14:24:34" hostname="VSAVONINS" time="0.097">
  <properties/>
  <testcase name="calculatePremium_shouldSetPersonLastNameCorrectly()" classname="org.javaguru.travel.insurance.core.TravelCalculatePremiumServiceImplAIEachFieldTest" time="0.046"/>
  <testcase name="calculatePremium_shouldSetPersonFirstNameCorrectly()" classname="org.javaguru.travel.insurance.core.TravelCalculatePremiumServiceImplAIEachFieldTest" time="0.001"/>
  <testcase name="calculatePremium_shouldSetAgreementDateFromCorrectly()" classname="org.javaguru.travel.insurance.core.TravelCalculatePremiumServiceImplAIEachFieldTest" time="0.018"/>
  <testcase name="calculatePremium_shouldSetAgreementDateToCorrectly()" classname="org.javaguru.travel.insurance.core.TravelCalculatePremiumServiceImplAIEachFieldTest" time="0.002"/>
  <system-out><![CDATA[]]></system-out>
  <system-err><![CDATA[]]></system-err>
</testsuite>
