<?xml version="1.0" encoding="UTF-8"?>
<testsuite name="org.javaguru.travel.insurance.core.DateTimeServiceTest" tests="3" skipped="0" failures="0" errors="0" timestamp="2024-05-18T14:24:35" hostname="VSAVONINS" time="0.04">
  <properties/>
  <testcase name="shouldDaysBetweenBePositive()" classname="org.javaguru.travel.insurance.core.DateTimeServiceTest" time="0.032"/>
  <testcase name="shouldDaysBetweenBeNegative()" classname="org.javaguru.travel.insurance.core.DateTimeServiceTest" time="0.002"/>
  <testcase name="shouldDaysBetweenBeZero()" classname="org.javaguru.travel.insurance.core.DateTimeServiceTest" time="0.002"/>
  <system-out><![CDATA[]]></system-out>
  <system-err><![CDATA[]]></system-err>
</testsuite>
